<?xml version="1.0" encoding="UTF-8"?>
<testsuite xmlns:xsi="http://www.w3.org/2001/XMLSchema-instance" xsi:noNamespaceSchemaLocation="https://maven.apache.org/surefire/maven-surefire-plugin/xsd/surefire-test-report-3.0.xsd" version="3.0" name="org.acme.GreetingResourceTest" time="15.487" tests="1" errors="0" skipped="0" failures="0">
  <properties>
    <property name="sun.desktop" value="windows"/>
    <property name="awt.toolkit" value="sun.awt.windows.WToolkit"/>
    <property name="java.specification.version" value="11"/>
    <property name="sun.cpu.isalist" value="amd64"/>
    <property name="sun.jnu.encoding" value="Cp1252"/>
    <property name="test.url" value="http://localhost:8081"/>
    <property name="java.class.path" value="C:\code\quarkus\code-with-quarkus\target\test-classes;C:\code\quarkus\code-with-quarkus\target\classes;C:\Users\borja.plaza\.m2\repository\io\quarkus\quarkus-arc\2.16.2.Final\quarkus-arc-2.16.2.Final.jar;C:\Users\borja.plaza\.m2\repository\io\quarkus\arc\arc\2.16.2.Final\arc-2.16.2.Final.jar;C:\Users\borja.plaza\.m2\repository\jakarta\enterprise\jakarta.enterprise.cdi-api\2.0.2\jakarta.enterprise.cdi-api-2.0.2.jar;C:\Users\borja.plaza\.m2\repository\jakarta\el\jakarta.el-api\3.0.3\jakarta.el-api-3.0.3.jar;C:\Users\borja.plaza\.m2\repository\jakarta\interceptor\jakarta.interceptor-api\1.2.5\jakarta.interceptor-api-1.2.5.jar;C:\Users\borja.plaza\.m2\repository\jakarta\annotation\jakarta.annotation-api\1.3.5\jakarta.annotation-api-1.3.5.jar;C:\Users\borja.plaza\.m2\repository\jakarta\transaction\jakarta.transaction-api\1.3.3\jakarta.transaction-api-1.3.3.jar;C:\Users\borja.plaza\.m2\repository\io\smallrye\reactive\mutiny\1.9.0\mutiny-1.9.0.jar;C:\Users\borja.plaza\.m2\repository\org\reactivestreams\reactive-streams\1.0.3\reactive-streams-1.0.3.jar;C:\Users\borja.plaza\.m2\repository\io\smallrye\common\smallrye-common-annotation\1.13.2\smallrye-common-annotation-1.13.2.jar;C:\Users\borja.plaza\.m2\repository\org\jboss\logging\jboss-logging\3.5.0.Final\jboss-logging-3.5.0.Final.jar;C:\Users\borja.plaza\.m2\repository\io\quarkus\quarkus-core\2.16.2.Final\quarkus-core-2.16.2.Final.jar;C:\Users\borja.plaza\.m2\repository\jakarta\inject\jakarta.inject-api\1.0\jakarta.inject-api-1.0.jar;C:\Users\borja.plaza\.m2\repository\io\quarkus\quarkus-ide-launcher\2.16.2.Final\quarkus-ide-launcher-2.16.2.Final.jar;C:\Users\borja.plaza\.m2\repository\io\quarkus\quarkus-development-mode-spi\2.16.2.Final\quarkus-development-mode-spi-2.16.2.Final.jar;C:\Users\borja.plaza\.m2\repository\io\smallrye\config\smallrye-config\2.13.2\smallrye-config-2.13.2.jar;C:\Users\borja.plaza\.m2\repository\io\smallrye\config\smallrye-config-core\2.13.2\smallrye-config-core-2.13.2.jar;C:\Users\borja.plaza\.m2\repository\org\eclipse\microprofile\config\microprofile-config-api\2.0.1\microprofile-config-api-2.0.1.jar;C:\Users\borja.plaza\.m2\repository\io\smallrye\common\smallrye-common-expression\1.13.2\smallrye-common-expression-1.13.2.jar;C:\Users\borja.plaza\.m2\repository\io\smallrye\common\smallrye-common-function\1.13.2\smallrye-common-function-1.13.2.jar;C:\Users\borja.plaza\.m2\repository\io\smallrye\common\smallrye-common-classloader\1.13.2\smallrye-common-classloader-1.13.2.jar;C:\Users\borja.plaza\.m2\repository\io\smallrye\config\smallrye-config-common\2.13.2\smallrye-config-common-2.13.2.jar;C:\Users\borja.plaza\.m2\repository\org\jboss\logmanager\jboss-logmanager-embedded\1.0.11\jboss-logmanager-embedded-1.0.11.jar;C:\Users\borja.plaza\.m2\repository\org\jboss\logging\jboss-logging-annotations\2.2.1.Final\jboss-logging-annotations-2.2.1.Final.jar;C:\Users\borja.plaza\.m2\repository\org\jboss\threads\jboss-threads\3.4.3.Final\jboss-threads-3.4.3.Final.jar;C:\Users\borja.plaza\.m2\repository\org\slf4j\slf4j-api\1.7.36\slf4j-api-1.7.36.jar;C:\Users\borja.plaza\.m2\repository\org\jboss\slf4j\slf4j-jboss-logmanager\1.2.0.Final\slf4j-jboss-logmanager-1.2.0.Final.jar;C:\Users\borja.plaza\.m2\repository\org\graalvm\sdk\graal-sdk\22.3.0\graal-sdk-22.3.0.jar;C:\Users\borja.plaza\.m2\repository\org\wildfly\common\wildfly-common\1.5.4.Final-format-001\wildfly-common-1.5.4.Final-format-001.jar;C:\Users\borja.plaza\.m2\repository\io\quarkus\quarkus-bootstrap-runner\2.16.2.Final\quarkus-bootstrap-runner-2.16.2.Final.jar;C:\Users\borja.plaza\.m2\repository\io\quarkus\quarkus-fs-util\0.0.9\quarkus-fs-util-0.0.9.jar;C:\Users\borja.plaza\.m2\repository\org\eclipse\microprofile\context-propagation\microprofile-context-propagation-api\1.2\microprofile-context-propagation-api-1.2.jar;C:\Users\borja.plaza\.m2\repository\io\quarkus\quarkus-resteasy-reactive\2.16.2.Final\quarkus-resteasy-reactive-2.16.2.Final.jar;C:\Users\borja.plaza\.m2\repository\io\quarkus\quarkus-resteasy-reactive-common\2.16.2.Final\quarkus-resteasy-reactive-common-2.16.2.Final.jar;C:\Users\borja.plaza\.m2\repository\io\quarkus\resteasy\reactive\resteasy-reactive-common\2.16.2.Final\resteasy-reactive-common-2.16.2.Final.jar;C:\Users\borja.plaza\.m2\repository\io\quarkus\resteasy\reactive\resteasy-reactive-common-types\2.16.2.Final\resteasy-reactive-common-types-2.16.2.Final.jar;C:\Users\borja.plaza\.m2\repository\io\quarkus\quarkus-mutiny\2.16.2.Final\quarkus-mutiny-2.16.2.Final.jar;C:\Users\borja.plaza\.m2\repository\io\quarkus\quarkus-smallrye-context-propagation\2.16.2.Final\quarkus-smallrye-context-propagation-2.16.2.Final.jar;C:\Users\borja.plaza\.m2\repository\io\smallrye\smallrye-context-propagation\1.2.2\smallrye-context-propagation-1.2.2.jar;C:\Users\borja.plaza\.m2\repository\io\smallrye\smallrye-context-propagation-api\1.2.2\smallrye-context-propagation-api-1.2.2.jar;C:\Users\borja.plaza\.m2\repository\io\smallrye\smallrye-context-propagation-storage\1.2.2\smallrye-context-propagation-storage-1.2.2.jar;C:\Users\borja.plaza\.m2\repository\io\smallrye\reactive\mutiny-smallrye-context-propagation\1.9.0\mutiny-smallrye-context-propagation-1.9.0.jar;C:\Users\borja.plaza\.m2\repository\io\quarkus\quarkus-vertx\2.16.2.Final\quarkus-vertx-2.16.2.Final.jar;C:\Users\borja.plaza\.m2\repository\io\quarkus\quarkus-netty\2.16.2.Final\quarkus-netty-2.16.2.Final.jar;C:\Users\borja.plaza\.m2\repository\io\netty\netty-codec\4.1.86.Final\netty-codec-4.1.86.Final.jar;C:\Users\borja.plaza\.m2\repository\io\netty\netty-codec-http\4.1.86.Final\netty-codec-http-4.1.86.Final.jar;C:\Users\borja.plaza\.m2\repository\io\netty\netty-codec-http2\4.1.86.Final\netty-codec-http2-4.1.86.Final.jar;C:\Users\borja.plaza\.m2\repository\io\netty\netty-handler\4.1.86.Final\netty-handler-4.1.86.Final.jar;C:\Users\borja.plaza\.m2\repository\io\netty\netty-transport-native-unix-common\4.1.86.Final\netty-transport-native-unix-common-4.1.86.Final.jar;C:\Users\borja.plaza\.m2\repository\com\aayushatharva\brotli4j\brotli4j\1.8.0\brotli4j-1.8.0.jar;C:\Users\borja.plaza\.m2\repository\com\aayushatharva\brotli4j\native-windows-x86_64\1.8.0\native-windows-x86_64-1.8.0.jar;C:\Users\borja.plaza\.m2\repository\io\netty\netty-codec-haproxy\4.1.86.Final\netty-codec-haproxy-4.1.86.Final.jar;C:\Users\borja.plaza\.m2\repository\io\netty\netty-buffer\4.1.86.Final\netty-buffer-4.1.86.Final.jar;C:\Users\borja.plaza\.m2\repository\io\netty\netty-transport\4.1.86.Final\netty-transport-4.1.86.Final.jar;C:\Users\borja.plaza\.m2\repository\io\quarkus\quarkus-vertx-latebound-mdc-provider\2.16.2.Final\quarkus-vertx-latebound-mdc-provider-2.16.2.Final.jar;C:\Users\borja.plaza\.m2\repository\io\smallrye\smallrye-fault-tolerance-vertx\5.6.0\smallrye-fault-tolerance-vertx-5.6.0.jar;C:\Users\borja.plaza\.m2\repository\io\quarkus\resteasy\reactive\resteasy-reactive-vertx\2.16.2.Final\resteasy-reactive-vertx-2.16.2.Final.jar;C:\Users\borja.plaza\.m2\repository\io\vertx\vertx-web\4.3.7\vertx-web-4.3.7.jar;C:\Users\borja.plaza\.m2\repository\io\vertx\vertx-web-common\4.3.7\vertx-web-common-4.3.7.jar;C:\Users\borja.plaza\.m2\repository\io\vertx\vertx-auth-common\4.3.7\vertx-auth-common-4.3.7.jar;C:\Users\borja.plaza\.m2\repository\io\vertx\vertx-bridge-common\4.3.7\vertx-bridge-common-4.3.7.jar;C:\Users\borja.plaza\.m2\repository\io\vertx\vertx-core\4.3.7\vertx-core-4.3.7.jar;C:\Users\borja.plaza\.m2\repository\io\netty\netty-common\4.1.86.Final\netty-common-4.1.86.Final.jar;C:\Users\borja.plaza\.m2\repository\io\netty\netty-handler-proxy\4.1.86.Final\netty-handler-proxy-4.1.86.Final.jar;C:\Users\borja.plaza\.m2\repository\io\netty\netty-codec-socks\4.1.86.Final\netty-codec-socks-4.1.86.Final.jar;C:\Users\borja.plaza\.m2\repository\io\netty\netty-resolver\4.1.86.Final\netty-resolver-4.1.86.Final.jar;C:\Users\borja.plaza\.m2\repository\io\netty\netty-resolver-dns\4.1.86.Final\netty-resolver-dns-4.1.86.Final.jar;C:\Users\borja.plaza\.m2\repository\io\netty\netty-codec-dns\4.1.86.Final\netty-codec-dns-4.1.86.Final.jar;C:\Users\borja.plaza\.m2\repository\com\fasterxml\jackson\core\jackson-core\2.14.2\jackson-core-2.14.2.jar;C:\Users\borja.plaza\.m2\repository\io\smallrye\reactive\smallrye-mutiny-vertx-core\2.30.1\smallrye-mutiny-vertx-core-2.30.1.jar;C:\Users\borja.plaza\.m2\repository\io\smallrye\reactive\smallrye-mutiny-vertx-runtime\2.30.1\smallrye-mutiny-vertx-runtime-2.30.1.jar;C:\Users\borja.plaza\.m2\repository\io\smallrye\reactive\vertx-mutiny-generator\2.30.1\vertx-mutiny-generator-2.30.1.jar;C:\Users\borja.plaza\.m2\repository\io\vertx\vertx-codegen\4.3.7\vertx-codegen-4.3.7.jar;C:\Users\borja.plaza\.m2\repository\io\quarkus\resteasy\reactive\resteasy-reactive\2.16.2.Final\resteasy-reactive-2.16.2.Final.jar;C:\Users\borja.plaza\.m2\repository\org\jboss\spec\javax\ws\rs\jboss-jaxrs-api_2.1_spec\2.0.1.Final\jboss-jaxrs-api_2.1_spec-2.0.1.Final.jar;C:\Users\borja.plaza\.m2\repository\org\jboss\logging\commons-logging-jboss-logging\1.0.0.Final\commons-logging-jboss-logging-1.0.0.Final.jar;C:\Users\borja.plaza\.m2\repository\org\jboss\spec\javax\xml\bind\jboss-jaxb-api_2.3_spec\2.0.0.Final\jboss-jaxb-api_2.3_spec-2.0.0.Final.jar;C:\Users\borja.plaza\.m2\repository\io\quarkus\quarkus-vertx-http\2.16.2.Final\quarkus-vertx-http-2.16.2.Final.jar;C:\Users\borja.plaza\.m2\repository\io\quarkus\quarkus-security-runtime-spi\2.16.2.Final\quarkus-security-runtime-spi-2.16.2.Final.jar;C:\Users\borja.plaza\.m2\repository\io\quarkus\quarkus-credentials\2.16.2.Final\quarkus-credentials-2.16.2.Final.jar;C:\Users\borja.plaza\.m2\repository\io\smallrye\common\smallrye-common-vertx-context\1.13.2\smallrye-common-vertx-context-1.13.2.jar;C:\Users\borja.plaza\.m2\repository\io\smallrye\common\smallrye-common-constraint\1.13.2\smallrye-common-constraint-1.13.2.jar;C:\Users\borja.plaza\.m2\repository\io\quarkus\quarkus-vertx-http-dev-console-runtime-spi\2.16.2.Final\quarkus-vertx-http-dev-console-runtime-spi-2.16.2.Final.jar;C:\Users\borja.plaza\.m2\repository\io\quarkus\security\quarkus-security\1.1.4.Final\quarkus-security-1.1.4.Final.jar;C:\Users\borja.plaza\.m2\repository\io\smallrye\reactive\smallrye-mutiny-vertx-web\2.30.1\smallrye-mutiny-vertx-web-2.30.1.jar;C:\Users\borja.plaza\.m2\repository\io\smallrye\reactive\smallrye-mutiny-vertx-web-common\2.30.1\smallrye-mutiny-vertx-web-common-2.30.1.jar;C:\Users\borja.plaza\.m2\repository\io\smallrye\reactive\smallrye-mutiny-vertx-auth-common\2.30.1\smallrye-mutiny-vertx-auth-common-2.30.1.jar;C:\Users\borja.plaza\.m2\repository\io\smallrye\reactive\smallrye-mutiny-vertx-bridge-common\2.30.1\smallrye-mutiny-vertx-bridge-common-2.30.1.jar;C:\Users\borja.plaza\.m2\repository\io\smallrye\reactive\smallrye-mutiny-vertx-uri-template\2.30.1\smallrye-mutiny-vertx-uri-template-2.30.1.jar;C:\Users\borja.plaza\.m2\repository\io\vertx\vertx-uri-template\4.3.7\vertx-uri-template-4.3.7.jar;C:\Users\borja.plaza\.m2\repository\io\github\crac\org-crac\0.1.3\org-crac-0.1.3.jar;C:\Users\borja.plaza\.m2\repository\io\quarkus\quarkus-jsonp\2.16.2.Final\quarkus-jsonp-2.16.2.Final.jar;C:\Users\borja.plaza\.m2\repository\org\glassfish\jakarta.json\1.1.6\jakarta.json-1.1.6.jar;C:\Users\borja.plaza\.m2\repository\io\quarkus\quarkus-junit5\2.16.2.Final\quarkus-junit5-2.16.2.Final.jar;C:\Users\borja.plaza\.m2\repository\io\quarkus\quarkus-bootstrap-core\2.16.2.Final\quarkus-bootstrap-core-2.16.2.Final.jar;C:\Users\borja.plaza\.m2\repository\io\quarkus\quarkus-bootstrap-app-model\2.16.2.Final\quarkus-bootstrap-app-model-2.16.2.Final.jar;C:\Users\borja.plaza\.m2\repository\io\smallrye\common\smallrye-common-io\1.13.2\smallrye-common-io-1.13.2.jar;C:\Users\borja.plaza\.m2\repository\org\eclipse\sisu\org.eclipse.sisu.inject\0.3.5\org.eclipse.sisu.inject-0.3.5.jar;C:\Users\borja.plaza\.m2\repository\io\quarkus\quarkus-test-common\2.16.2.Final\quarkus-test-common-2.16.2.Final.jar;C:\Users\borja.plaza\.m2\repository\io\quarkus\quarkus-core-deployment\2.16.2.Final\quarkus-core-deployment-2.16.2.Final.jar;C:\Users\borja.plaza\.m2\repository\org\aesh\readline\2.2\readline-2.2.jar;C:\Users\borja.plaza\.m2\repository\org\fusesource\jansi\jansi\1.18\jansi-1.18.jar;C:\Users\borja.plaza\.m2\repository\org\aesh\aesh\2.7\aesh-2.7.jar;C:\Users\borja.plaza\.m2\repository\io\quarkus\gizmo\gizmo\1.6.0.Final\gizmo-1.6.0.Final.jar;C:\Users\borja.plaza\.m2\repository\org\ow2\asm\asm-util\9.4\asm-util-9.4.jar;C:\Users\borja.plaza\.m2\repository\org\ow2\asm\asm-analysis\9.4\asm-analysis-9.4.jar;C:\Users\borja.plaza\.m2\repository\org\ow2\asm\asm\9.4\asm-9.4.jar;C:\Users\borja.plaza\.m2\repository\org\ow2\asm\asm-commons\9.4\asm-commons-9.4.jar;C:\Users\borja.plaza\.m2\repository\org\ow2\asm\asm-tree\9.4\asm-tree-9.4.jar;C:\Users\borja.plaza\.m2\repository\io\quarkus\quarkus-class-change-agent\2.16.2.Final\quarkus-class-change-agent-2.16.2.Final.jar;C:\Users\borja.plaza\.m2\repository\io\quarkus\quarkus-devtools-utilities\2.16.2.Final\quarkus-devtools-utilities-2.16.2.Final.jar;C:\Users\borja.plaza\.m2\repository\io\quarkus\quarkus-builder\2.16.2.Final\quarkus-builder-2.16.2.Final.jar;C:\Users\borja.plaza\.m2\repository\org\junit\platform\junit-platform-launcher\1.9.2\junit-platform-launcher-1.9.2.jar;C:\Users\borja.plaza\.m2\repository\io\quarkus\quarkus-bootstrap-maven-resolver\2.16.2.Final\quarkus-bootstrap-maven-resolver-2.16.2.Final.jar;C:\Users\borja.plaza\.m2\repository\org\apache\maven\maven-embedder\3.8.6\maven-embedder-3.8.6.jar;C:\Users\borja.plaza\.m2\repository\org\apache\maven\maven-settings\3.8.6\maven-settings-3.8.6.jar;C:\Users\borja.plaza\.m2\repository\org\apache\maven\maven-core\3.8.6\maven-core-3.8.6.jar;C:\Users\borja.plaza\.m2\repository\org\apache\maven\maven-artifact\3.8.6\maven-artifact-3.8.6.jar;C:\Users\borja.plaza\.m2\repository\org\codehaus\plexus\plexus-component-annotations\2.1.0\plexus-component-annotations-2.1.0.jar;C:\Users\borja.plaza\.m2\repository\org\apache\maven\maven-plugin-api\3.8.6\maven-plugin-api-3.8.6.jar;C:\Users\borja.plaza\.m2\repository\org\apache\maven\maven-model\3.8.6\maven-model-3.8.6.jar;C:\Users\borja.plaza\.m2\repository\org\apache\maven\maven-model-builder\3.8.6\maven-model-builder-3.8.6.jar;C:\Users\borja.plaza\.m2\repository\org\apache\maven\maven-builder-support\3.8.6\maven-builder-support-3.8.6.jar;C:\Users\borja.plaza\.m2\repository\org\apache\maven\resolver\maven-resolver-api\1.6.3\maven-resolver-api-1.6.3.jar;C:\Users\borja.plaza\.m2\repository\org\apache\maven\resolver\maven-resolver-util\1.6.3\maven-resolver-util-1.6.3.jar;C:\Users\borja.plaza\.m2\repository\org\apache\maven\shared\maven-shared-utils\3.3.4\maven-shared-utils-3.3.4.jar;C:\Users\borja.plaza\.m2\repository\commons-io\commons-io\2.11.0\commons-io-2.11.0.jar;C:\Users\borja.plaza\.m2\repository\com\google\inject\guice\4.2.2\guice-4.2.2-no_aop.jar;C:\Users\borja.plaza\.m2\repository\com\google\guava\guava\31.1-jre\guava-31.1-jre.jar;C:\Users\borja.plaza\.m2\repository\com\google\guava\failureaccess\1.0.1\failureaccess-1.0.1.jar;C:\Users\borja.plaza\.m2\repository\org\codehaus\plexus\plexus-classworlds\2.6.0\plexus-classworlds-2.6.0.jar;C:\Users\borja.plaza\.m2\repository\org\codehaus\plexus\plexus-sec-dispatcher\2.0\plexus-sec-dispatcher-2.0.jar;C:\Users\borja.plaza\.m2\repository\org\codehaus\plexus\plexus-cipher\2.0\plexus-cipher-2.0.jar;C:\Users\borja.plaza\.m2\repository\commons-cli\commons-cli\1.4\commons-cli-1.4.jar;C:\Users\borja.plaza\.m2\repository\org\eclipse\sisu\org.eclipse.sisu.plexus\0.3.5\org.eclipse.sisu.plexus-0.3.5.jar;C:\Users\borja.plaza\.m2\repository\org\apache\maven\maven-settings-builder\3.8.6\maven-settings-builder-3.8.6.jar;C:\Users\borja.plaza\.m2\repository\org\codehaus\plexus\plexus-interpolation\1.26\plexus-interpolation-1.26.jar;C:\Users\borja.plaza\.m2\repository\org\apache\maven\maven-resolver-provider\3.8.6\maven-resolver-provider-3.8.6.jar;C:\Users\borja.plaza\.m2\repository\org\apache\maven\maven-repository-metadata\3.8.6\maven-repository-metadata-3.8.6.jar;C:\Users\borja.plaza\.m2\repository\org\apache\maven\resolver\maven-resolver-spi\1.6.3\maven-resolver-spi-1.6.3.jar;C:\Users\borja.plaza\.m2\repository\org\apache\maven\resolver\maven-resolver-impl\1.6.3\maven-resolver-impl-1.6.3.jar;C:\Users\borja.plaza\.m2\repository\org\codehaus\plexus\plexus-utils\3.3.0\plexus-utils-3.3.0.jar;C:\Users\borja.plaza\.m2\repository\org\apache\maven\resolver\maven-resolver-connector-basic\1.6.3\maven-resolver-connector-basic-1.6.3.jar;C:\Users\borja.plaza\.m2\repository\org\apache\maven\resolver\maven-resolver-transport-wagon\1.6.3\maven-resolver-transport-wagon-1.6.3.jar;C:\Users\borja.plaza\.m2\repository\org\apache\maven\wagon\wagon-http\3.5.1\wagon-http-3.5.1.jar;C:\Users\borja.plaza\.m2\repository\org\apache\maven\wagon\wagon-http-shared\3.5.1\wagon-http-shared-3.5.1.jar;C:\Users\borja.plaza\.m2\repository\org\apache\maven\wagon\wagon-provider-api\3.5.1\wagon-provider-api-3.5.1.jar;C:\Users\borja.plaza\.m2\repository\org\apache\maven\wagon\wagon-file\3.5.1\wagon-file-3.5.1.jar;C:\Users\borja.plaza\.m2\repository\io\quarkus\quarkus-bootstrap-gradle-resolver\2.16.2.Final\quarkus-bootstrap-gradle-resolver-2.16.2.Final.jar;C:\Users\borja.plaza\.m2\repository\io\smallrye\jandex\3.0.5\jandex-3.0.5.jar;C:\Users\borja.plaza\.m2\repository\io\quarkus\quarkus-junit5-properties\2.16.2.Final\quarkus-junit5-properties-2.16.2.Final.jar;C:\Users\borja.plaza\.m2\repository\org\junit\jupiter\junit-jupiter\5.9.2\junit-jupiter-5.9.2.jar;C:\Users\borja.plaza\.m2\repository\org\junit\jupiter\junit-jupiter-api\5.9.2\junit-jupiter-api-5.9.2.jar;C:\Users\borja.plaza\.m2\repository\org\opentest4j\opentest4j\1.2.0\opentest4j-1.2.0.jar;C:\Users\borja.plaza\.m2\repository\org\junit\platform\junit-platform-commons\1.9.2\junit-platform-commons-1.9.2.jar;C:\Users\borja.plaza\.m2\repository\org\apiguardian\apiguardian-api\1.1.2\apiguardian-api-1.1.2.jar;C:\Users\borja.plaza\.m2\repository\org\junit\jupiter\junit-jupiter-params\5.9.2\junit-jupiter-params-5.9.2.jar;C:\Users\borja.plaza\.m2\repository\org\junit\jupiter\junit-jupiter-engine\5.9.2\junit-jupiter-engine-5.9.2.jar;C:\Users\borja.plaza\.m2\repository\org\junit\platform\junit-platform-engine\1.9.2\junit-platform-engine-1.9.2.jar;C:\Users\borja.plaza\.m2\repository\com\thoughtworks\xstream\xstream\1.4.20\xstream-1.4.20.jar;C:\Users\borja.plaza\.m2\repository\io\github\x-stream\mxparser\1.2.2\mxparser-1.2.2.jar;C:\Users\borja.plaza\.m2\repository\xmlpull\xmlpull\1.1.3.1\xmlpull-1.1.3.1.jar;C:\Users\borja.plaza\.m2\repository\io\rest-assured\rest-assured\4.5.1\rest-assured-4.5.1.jar;C:\Users\borja.plaza\.m2\repository\org\codehaus\groovy\groovy\3.0.9\groovy-3.0.9.jar;C:\Users\borja.plaza\.m2\repository\org\codehaus\groovy\groovy-xml\3.0.9\groovy-xml-3.0.9.jar;C:\Users\borja.plaza\.m2\repository\org\apache\httpcomponents\httpclient\4.5.14\httpclient-4.5.14.jar;C:\Users\borja.plaza\.m2\repository\org\apache\httpcomponents\httpcore\4.4.16\httpcore-4.4.16.jar;C:\Users\borja.plaza\.m2\repository\commons-codec\commons-codec\1.15\commons-codec-1.15.jar;C:\Users\borja.plaza\.m2\repository\org\apache\httpcomponents\httpmime\4.5.14\httpmime-4.5.14.jar;C:\Users\borja.plaza\.m2\repository\org\hamcrest\hamcrest\2.1\hamcrest-2.1.jar;C:\Users\borja.plaza\.m2\repository\org\ccil\cowan\tagsoup\tagsoup\1.2.1\tagsoup-1.2.1.jar;C:\Users\borja.plaza\.m2\repository\io\rest-assured\json-path\4.5.1\json-path-4.5.1.jar;C:\Users\borja.plaza\.m2\repository\org\codehaus\groovy\groovy-json\3.0.9\groovy-json-3.0.9.jar;C:\Users\borja.plaza\.m2\repository\io\rest-assured\rest-assured-common\4.5.1\rest-assured-common-4.5.1.jar;C:\Users\borja.plaza\.m2\repository\io\rest-assured\xml-path\4.5.1\xml-path-4.5.1.jar;C:\Users\borja.plaza\.m2\repository\org\apache\commons\commons-lang3\3.12.0\commons-lang3-3.12.0.jar;"/>
    <property name="java.vm.vendor" value="AdoptOpenJDK"/>
    <property name="sun.arch.data.model" value="64"/>
    <property name="user.variant" value=""/>
    <property name="java.vendor.url" value="https://adoptopenjdk.net/"/>
    <property name="user.timezone" value="Europe/Paris"/>
    <property name="logging.initial-configurator.min-level" value="500"/>
    <property name="java.vm.specification.version" value="11"/>
    <property name="os.name" value="Windows 10"/>
    <property name="sun.java.launcher" value="SUN_STANDARD"/>
    <property name="user.country" value="ES"/>
    <property name="sun.boot.library.path" value="C:\dev\Java11\bin"/>
    <property name="sun.java.command" value="C:\Users\borja.plaza\AppData\Local\Temp\surefire2509966182831254931\surefirebooter-20230213121256301_3.jar C:\Users\borja.plaza\AppData\Local\Temp\surefire2509966182831254931 2023-02-13T12-12-54_192-jvmRun1 surefire-20230213121256301_1tmp surefire_0-20230213121256301_2tmp"/>
    <property name="jdk.debug" value="release"/>
    <property name="maven.home" value="C:\Users\borja.plaza\.m2\wrapper\dists\apache-maven-3.8.6-bin\1ks0nkde5v1pk9vtc31i9d0lcd\apache-maven-3.8.6"/>
    <property name="surefire.test.class.path" value="C:\code\quarkus\code-with-quarkus\target\test-classes;C:\code\quarkus\code-with-quarkus\target\classes;C:\Users\borja.plaza\.m2\repository\io\quarkus\quarkus-arc\2.16.2.Final\quarkus-arc-2.16.2.Final.jar;C:\Users\borja.plaza\.m2\repository\io\quarkus\arc\arc\2.16.2.Final\arc-2.16.2.Final.jar;C:\Users\borja.plaza\.m2\repository\jakarta\enterprise\jakarta.enterprise.cdi-api\2.0.2\jakarta.enterprise.cdi-api-2.0.2.jar;C:\Users\borja.plaza\.m2\repository\jakarta\el\jakarta.el-api\3.0.3\jakarta.el-api-3.0.3.jar;C:\Users\borja.plaza\.m2\repository\jakarta\interceptor\jakarta.interceptor-api\1.2.5\jakarta.interceptor-api-1.2.5.jar;C:\Users\borja.plaza\.m2\repository\jakarta\annotation\jakarta.annotation-api\1.3.5\jakarta.annotation-api-1.3.5.jar;C:\Users\borja.plaza\.m2\repository\jakarta\transaction\jakarta.transaction-api\1.3.3\jakarta.transaction-api-1.3.3.jar;C:\Users\borja.plaza\.m2\repository\io\smallrye\reactive\mutiny\1.9.0\mutiny-1.9.0.jar;C:\Users\borja.plaza\.m2\repository\org\reactivestreams\reactive-streams\1.0.3\reactive-streams-1.0.3.jar;C:\Users\borja.plaza\.m2\repository\io\smallrye\common\smallrye-common-annotation\1.13.2\smallrye-common-annotation-1.13.2.jar;C:\Users\borja.plaza\.m2\repository\org\jboss\logging\jboss-logging\3.5.0.Final\jboss-logging-3.5.0.Final.jar;C:\Users\borja.plaza\.m2\repository\io\quarkus\quarkus-core\2.16.2.Final\quarkus-core-2.16.2.Final.jar;C:\Users\borja.plaza\.m2\repository\jakarta\inject\jakarta.inject-api\1.0\jakarta.inject-api-1.0.jar;C:\Users\borja.plaza\.m2\repository\io\quarkus\quarkus-ide-launcher\2.16.2.Final\quarkus-ide-launcher-2.16.2.Final.jar;C:\Users\borja.plaza\.m2\repository\io\quarkus\quarkus-development-mode-spi\2.16.2.Final\quarkus-development-mode-spi-2.16.2.Final.jar;C:\Users\borja.plaza\.m2\repository\io\smallrye\config\smallrye-config\2.13.2\smallrye-config-2.13.2.jar;C:\Users\borja.plaza\.m2\repository\io\smallrye\config\smallrye-config-core\2.13.2\smallrye-config-core-2.13.2.jar;C:\Users\borja.plaza\.m2\repository\org\eclipse\microprofile\config\microprofile-config-api\2.0.1\microprofile-config-api-2.0.1.jar;C:\Users\borja.plaza\.m2\repository\io\smallrye\common\smallrye-common-expression\1.13.2\smallrye-common-expression-1.13.2.jar;C:\Users\borja.plaza\.m2\repository\io\smallrye\common\smallrye-common-function\1.13.2\smallrye-common-function-1.13.2.jar;C:\Users\borja.plaza\.m2\repository\io\smallrye\common\smallrye-common-classloader\1.13.2\smallrye-common-classloader-1.13.2.jar;C:\Users\borja.plaza\.m2\repository\io\smallrye\config\smallrye-config-common\2.13.2\smallrye-config-common-2.13.2.jar;C:\Users\borja.plaza\.m2\repository\org\jboss\logmanager\jboss-logmanager-embedded\1.0.11\jboss-logmanager-embedded-1.0.11.jar;C:\Users\borja.plaza\.m2\repository\org\jboss\logging\jboss-logging-annotations\2.2.1.Final\jboss-logging-annotations-2.2.1.Final.jar;C:\Users\borja.plaza\.m2\repository\org\jboss\threads\jboss-threads\3.4.3.Final\jboss-threads-3.4.3.Final.jar;C:\Users\borja.plaza\.m2\repository\org\slf4j\slf4j-api\1.7.36\slf4j-api-1.7.36.jar;C:\Users\borja.plaza\.m2\repository\org\jboss\slf4j\slf4j-jboss-logmanager\1.2.0.Final\slf4j-jboss-logmanager-1.2.0.Final.jar;C:\Users\borja.plaza\.m2\repository\org\graalvm\sdk\graal-sdk\22.3.0\graal-sdk-22.3.0.jar;C:\Users\borja.plaza\.m2\repository\org\wildfly\common\wildfly-common\1.5.4.Final-format-001\wildfly-common-1.5.4.Final-format-001.jar;C:\Users\borja.plaza\.m2\repository\io\quarkus\quarkus-bootstrap-runner\2.16.2.Final\quarkus-bootstrap-runner-2.16.2.Final.jar;C:\Users\borja.plaza\.m2\repository\io\quarkus\quarkus-fs-util\0.0.9\quarkus-fs-util-0.0.9.jar;C:\Users\borja.plaza\.m2\repository\org\eclipse\microprofile\context-propagation\microprofile-context-propagation-api\1.2\microprofile-context-propagation-api-1.2.jar;C:\Users\borja.plaza\.m2\repository\io\quarkus\quarkus-resteasy-reactive\2.16.2.Final\quarkus-resteasy-reactive-2.16.2.Final.jar;C:\Users\borja.plaza\.m2\repository\io\quarkus\quarkus-resteasy-reactive-common\2.16.2.Final\quarkus-resteasy-reactive-common-2.16.2.Final.jar;C:\Users\borja.plaza\.m2\repository\io\quarkus\resteasy\reactive\resteasy-reactive-common\2.16.2.Final\resteasy-reactive-common-2.16.2.Final.jar;C:\Users\borja.plaza\.m2\repository\io\quarkus\resteasy\reactive\resteasy-reactive-common-types\2.16.2.Final\resteasy-reactive-common-types-2.16.2.Final.jar;C:\Users\borja.plaza\.m2\repository\io\quarkus\quarkus-mutiny\2.16.2.Final\quarkus-mutiny-2.16.2.Final.jar;C:\Users\borja.plaza\.m2\repository\io\quarkus\quarkus-smallrye-context-propagation\2.16.2.Final\quarkus-smallrye-context-propagation-2.16.2.Final.jar;C:\Users\borja.plaza\.m2\repository\io\smallrye\smallrye-context-propagation\1.2.2\smallrye-context-propagation-1.2.2.jar;C:\Users\borja.plaza\.m2\repository\io\smallrye\smallrye-context-propagation-api\1.2.2\smallrye-context-propagation-api-1.2.2.jar;C:\Users\borja.plaza\.m2\repository\io\smallrye\smallrye-context-propagation-storage\1.2.2\smallrye-context-propagation-storage-1.2.2.jar;C:\Users\borja.plaza\.m2\repository\io\smallrye\reactive\mutiny-smallrye-context-propagation\1.9.0\mutiny-smallrye-context-propagation-1.9.0.jar;C:\Users\borja.plaza\.m2\repository\io\quarkus\quarkus-vertx\2.16.2.Final\quarkus-vertx-2.16.2.Final.jar;C:\Users\borja.plaza\.m2\repository\io\quarkus\quarkus-netty\2.16.2.Final\quarkus-netty-2.16.2.Final.jar;C:\Users\borja.plaza\.m2\repository\io\netty\netty-codec\4.1.86.Final\netty-codec-4.1.86.Final.jar;C:\Users\borja.plaza\.m2\repository\io\netty\netty-codec-http\4.1.86.Final\netty-codec-http-4.1.86.Final.jar;C:\Users\borja.plaza\.m2\repository\io\netty\netty-codec-http2\4.1.86.Final\netty-codec-http2-4.1.86.Final.jar;C:\Users\borja.plaza\.m2\repository\io\netty\netty-handler\4.1.86.Final\netty-handler-4.1.86.Final.jar;C:\Users\borja.plaza\.m2\repository\io\netty\netty-transport-native-unix-common\4.1.86.Final\netty-transport-native-unix-common-4.1.86.Final.jar;C:\Users\borja.plaza\.m2\repository\com\aayushatharva\brotli4j\brotli4j\1.8.0\brotli4j-1.8.0.jar;C:\Users\borja.plaza\.m2\repository\com\aayushatharva\brotli4j\native-windows-x86_64\1.8.0\native-windows-x86_64-1.8.0.jar;C:\Users\borja.plaza\.m2\repository\io\netty\netty-codec-haproxy\4.1.86.Final\netty-codec-haproxy-4.1.86.Final.jar;C:\Users\borja.plaza\.m2\repository\io\netty\netty-buffer\4.1.86.Final\netty-buffer-4.1.86.Final.jar;C:\Users\borja.plaza\.m2\repository\io\netty\netty-transport\4.1.86.Final\netty-transport-4.1.86.Final.jar;C:\Users\borja.plaza\.m2\repository\io\quarkus\quarkus-vertx-latebound-mdc-provider\2.16.2.Final\quarkus-vertx-latebound-mdc-provider-2.16.2.Final.jar;C:\Users\borja.plaza\.m2\repository\io\smallrye\smallrye-fault-tolerance-vertx\5.6.0\smallrye-fault-tolerance-vertx-5.6.0.jar;C:\Users\borja.plaza\.m2\repository\io\quarkus\resteasy\reactive\resteasy-reactive-vertx\2.16.2.Final\resteasy-reactive-vertx-2.16.2.Final.jar;C:\Users\borja.plaza\.m2\repository\io\vertx\vertx-web\4.3.7\vertx-web-4.3.7.jar;C:\Users\borja.plaza\.m2\repository\io\vertx\vertx-web-common\4.3.7\vertx-web-common-4.3.7.jar;C:\Users\borja.plaza\.m2\repository\io\vertx\vertx-auth-common\4.3.7\vertx-auth-common-4.3.7.jar;C:\Users\borja.plaza\.m2\repository\io\vertx\vertx-bridge-common\4.3.7\vertx-bridge-common-4.3.7.jar;C:\Users\borja.plaza\.m2\repository\io\vertx\vertx-core\4.3.7\vertx-core-4.3.7.jar;C:\Users\borja.plaza\.m2\repository\io\netty\netty-common\4.1.86.Final\netty-common-4.1.86.Final.jar;C:\Users\borja.plaza\.m2\repository\io\netty\netty-handler-proxy\4.1.86.Final\netty-handler-proxy-4.1.86.Final.jar;C:\Users\borja.plaza\.m2\repository\io\netty\netty-codec-socks\4.1.86.Final\netty-codec-socks-4.1.86.Final.jar;C:\Users\borja.plaza\.m2\repository\io\netty\netty-resolver\4.1.86.Final\netty-resolver-4.1.86.Final.jar;C:\Users\borja.plaza\.m2\repository\io\netty\netty-resolver-dns\4.1.86.Final\netty-resolver-dns-4.1.86.Final.jar;C:\Users\borja.plaza\.m2\repository\io\netty\netty-codec-dns\4.1.86.Final\netty-codec-dns-4.1.86.Final.jar;C:\Users\borja.plaza\.m2\repository\com\fasterxml\jackson\core\jackson-core\2.14.2\jackson-core-2.14.2.jar;C:\Users\borja.plaza\.m2\repository\io\smallrye\reactive\smallrye-mutiny-vertx-core\2.30.1\smallrye-mutiny-vertx-core-2.30.1.jar;C:\Users\borja.plaza\.m2\repository\io\smallrye\reactive\smallrye-mutiny-vertx-runtime\2.30.1\smallrye-mutiny-vertx-runtime-2.30.1.jar;C:\Users\borja.plaza\.m2\repository\io\smallrye\reactive\vertx-mutiny-generator\2.30.1\vertx-mutiny-generator-2.30.1.jar;C:\Users\borja.plaza\.m2\repository\io\vertx\vertx-codegen\4.3.7\vertx-codegen-4.3.7.jar;C:\Users\borja.plaza\.m2\repository\io\quarkus\resteasy\reactive\resteasy-reactive\2.16.2.Final\resteasy-reactive-2.16.2.Final.jar;C:\Users\borja.plaza\.m2\repository\org\jboss\spec\javax\ws\rs\jboss-jaxrs-api_2.1_spec\2.0.1.Final\jboss-jaxrs-api_2.1_spec-2.0.1.Final.jar;C:\Users\borja.plaza\.m2\repository\org\jboss\logging\commons-logging-jboss-logging\1.0.0.Final\commons-logging-jboss-logging-1.0.0.Final.jar;C:\Users\borja.plaza\.m2\repository\org\jboss\spec\javax\xml\bind\jboss-jaxb-api_2.3_spec\2.0.0.Final\jboss-jaxb-api_2.3_spec-2.0.0.Final.jar;C:\Users\borja.plaza\.m2\repository\io\quarkus\quarkus-vertx-http\2.16.2.Final\quarkus-vertx-http-2.16.2.Final.jar;C:\Users\borja.plaza\.m2\repository\io\quarkus\quarkus-security-runtime-spi\2.16.2.Final\quarkus-security-runtime-spi-2.16.2.Final.jar;C:\Users\borja.plaza\.m2\repository\io\quarkus\quarkus-credentials\2.16.2.Final\quarkus-credentials-2.16.2.Final.jar;C:\Users\borja.plaza\.m2\repository\io\smallrye\common\smallrye-common-vertx-context\1.13.2\smallrye-common-vertx-context-1.13.2.jar;C:\Users\borja.plaza\.m2\repository\io\smallrye\common\smallrye-common-constraint\1.13.2\smallrye-common-constraint-1.13.2.jar;C:\Users\borja.plaza\.m2\repository\io\quarkus\quarkus-vertx-http-dev-console-runtime-spi\2.16.2.Final\quarkus-vertx-http-dev-console-runtime-spi-2.16.2.Final.jar;C:\Users\borja.plaza\.m2\repository\io\quarkus\security\quarkus-security\1.1.4.Final\quarkus-security-1.1.4.Final.jar;C:\Users\borja.plaza\.m2\repository\io\smallrye\reactive\smallrye-mutiny-vertx-web\2.30.1\smallrye-mutiny-vertx-web-2.30.1.jar;C:\Users\borja.plaza\.m2\repository\io\smallrye\reactive\smallrye-mutiny-vertx-web-common\2.30.1\smallrye-mutiny-vertx-web-common-2.30.1.jar;C:\Users\borja.plaza\.m2\repository\io\smallrye\reactive\smallrye-mutiny-vertx-auth-common\2.30.1\smallrye-mutiny-vertx-auth-common-2.30.1.jar;C:\Users\borja.plaza\.m2\repository\io\smallrye\reactive\smallrye-mutiny-vertx-bridge-common\2.30.1\smallrye-mutiny-vertx-bridge-common-2.30.1.jar;C:\Users\borja.plaza\.m2\repository\io\smallrye\reactive\smallrye-mutiny-vertx-uri-template\2.30.1\smallrye-mutiny-vertx-uri-template-2.30.1.jar;C:\Users\borja.plaza\.m2\repository\io\vertx\vertx-uri-template\4.3.7\vertx-uri-template-4.3.7.jar;C:\Users\borja.plaza\.m2\repository\io\github\crac\org-crac\0.1.3\org-crac-0.1.3.jar;C:\Users\borja.plaza\.m2\repository\io\quarkus\quarkus-jsonp\2.16.2.Final\quarkus-jsonp-2.16.2.Final.jar;C:\Users\borja.plaza\.m2\repository\org\glassfish\jakarta.json\1.1.6\jakarta.json-1.1.6.jar;C:\Users\borja.plaza\.m2\repository\io\quarkus\quarkus-junit5\2.16.2.Final\quarkus-junit5-2.16.2.Final.jar;C:\Users\borja.plaza\.m2\repository\io\quarkus\quarkus-bootstrap-core\2.16.2.Final\quarkus-bootstrap-core-2.16.2.Final.jar;C:\Users\borja.plaza\.m2\repository\io\quarkus\quarkus-bootstrap-app-model\2.16.2.Final\quarkus-bootstrap-app-model-2.16.2.Final.jar;C:\Users\borja.plaza\.m2\repository\io\smallrye\common\smallrye-common-io\1.13.2\smallrye-common-io-1.13.2.jar;C:\Users\borja.plaza\.m2\repository\org\eclipse\sisu\org.eclipse.sisu.inject\0.3.5\org.eclipse.sisu.inject-0.3.5.jar;C:\Users\borja.plaza\.m2\repository\io\quarkus\quarkus-test-common\2.16.2.Final\quarkus-test-common-2.16.2.Final.jar;C:\Users\borja.plaza\.m2\repository\io\quarkus\quarkus-core-deployment\2.16.2.Final\quarkus-core-deployment-2.16.2.Final.jar;C:\Users\borja.plaza\.m2\repository\org\aesh\readline\2.2\readline-2.2.jar;C:\Users\borja.plaza\.m2\repository\org\fusesource\jansi\jansi\1.18\jansi-1.18.jar;C:\Users\borja.plaza\.m2\repository\org\aesh\aesh\2.7\aesh-2.7.jar;C:\Users\borja.plaza\.m2\repository\io\quarkus\gizmo\gizmo\1.6.0.Final\gizmo-1.6.0.Final.jar;C:\Users\borja.plaza\.m2\repository\org\ow2\asm\asm-util\9.4\asm-util-9.4.jar;C:\Users\borja.plaza\.m2\repository\org\ow2\asm\asm-analysis\9.4\asm-analysis-9.4.jar;C:\Users\borja.plaza\.m2\repository\org\ow2\asm\asm\9.4\asm-9.4.jar;C:\Users\borja.plaza\.m2\repository\org\ow2\asm\asm-commons\9.4\asm-commons-9.4.jar;C:\Users\borja.plaza\.m2\repository\org\ow2\asm\asm-tree\9.4\asm-tree-9.4.jar;C:\Users\borja.plaza\.m2\repository\io\quarkus\quarkus-class-change-agent\2.16.2.Final\quarkus-class-change-agent-2.16.2.Final.jar;C:\Users\borja.plaza\.m2\repository\io\quarkus\quarkus-devtools-utilities\2.16.2.Final\quarkus-devtools-utilities-2.16.2.Final.jar;C:\Users\borja.plaza\.m2\repository\io\quarkus\quarkus-builder\2.16.2.Final\quarkus-builder-2.16.2.Final.jar;C:\Users\borja.plaza\.m2\repository\org\junit\platform\junit-platform-launcher\1.9.2\junit-platform-launcher-1.9.2.jar;C:\Users\borja.plaza\.m2\repository\io\quarkus\quarkus-bootstrap-maven-resolver\2.16.2.Final\quarkus-bootstrap-maven-resolver-2.16.2.Final.jar;C:\Users\borja.plaza\.m2\repository\org\apache\maven\maven-embedder\3.8.6\maven-embedder-3.8.6.jar;C:\Users\borja.plaza\.m2\repository\org\apache\maven\maven-settings\3.8.6\maven-settings-3.8.6.jar;C:\Users\borja.plaza\.m2\repository\org\apache\maven\maven-core\3.8.6\maven-core-3.8.6.jar;C:\Users\borja.plaza\.m2\repository\org\apache\maven\maven-artifact\3.8.6\maven-artifact-3.8.6.jar;C:\Users\borja.plaza\.m2\repository\org\codehaus\plexus\plexus-component-annotations\2.1.0\plexus-component-annotations-2.1.0.jar;C:\Users\borja.plaza\.m2\repository\org\apache\maven\maven-plugin-api\3.8.6\maven-plugin-api-3.8.6.jar;C:\Users\borja.plaza\.m2\repository\org\apache\maven\maven-model\3.8.6\maven-model-3.8.6.jar;C:\Users\borja.plaza\.m2\repository\org\apache\maven\maven-model-builder\3.8.6\maven-model-builder-3.8.6.jar;C:\Users\borja.plaza\.m2\repository\org\apache\maven\maven-builder-support\3.8.6\maven-builder-support-3.8.6.jar;C:\Users\borja.plaza\.m2\repository\org\apache\maven\resolver\maven-resolver-api\1.6.3\maven-resolver-api-1.6.3.jar;C:\Users\borja.plaza\.m2\repository\org\apache\maven\resolver\maven-resolver-util\1.6.3\maven-resolver-util-1.6.3.jar;C:\Users\borja.plaza\.m2\repository\org\apache\maven\shared\maven-shared-utils\3.3.4\maven-shared-utils-3.3.4.jar;C:\Users\borja.plaza\.m2\repository\commons-io\commons-io\2.11.0\commons-io-2.11.0.jar;C:\Users\borja.plaza\.m2\repository\com\google\inject\guice\4.2.2\guice-4.2.2-no_aop.jar;C:\Users\borja.plaza\.m2\repository\com\google\guava\guava\31.1-jre\guava-31.1-jre.jar;C:\Users\borja.plaza\.m2\repository\com\google\guava\failureaccess\1.0.1\failureaccess-1.0.1.jar;C:\Users\borja.plaza\.m2\repository\org\codehaus\plexus\plexus-classworlds\2.6.0\plexus-classworlds-2.6.0.jar;C:\Users\borja.plaza\.m2\repository\org\codehaus\plexus\plexus-sec-dispatcher\2.0\plexus-sec-dispatcher-2.0.jar;C:\Users\borja.plaza\.m2\repository\org\codehaus\plexus\plexus-cipher\2.0\plexus-cipher-2.0.jar;C:\Users\borja.plaza\.m2\repository\commons-cli\commons-cli\1.4\commons-cli-1.4.jar;C:\Users\borja.plaza\.m2\repository\org\eclipse\sisu\org.eclipse.sisu.plexus\0.3.5\org.eclipse.sisu.plexus-0.3.5.jar;C:\Users\borja.plaza\.m2\repository\org\apache\maven\maven-settings-builder\3.8.6\maven-settings-builder-3.8.6.jar;C:\Users\borja.plaza\.m2\repository\org\codehaus\plexus\plexus-interpolation\1.26\plexus-interpolation-1.26.jar;C:\Users\borja.plaza\.m2\repository\org\apache\maven\maven-resolver-provider\3.8.6\maven-resolver-provider-3.8.6.jar;C:\Users\borja.plaza\.m2\repository\org\apache\maven\maven-repository-metadata\3.8.6\maven-repository-metadata-3.8.6.jar;C:\Users\borja.plaza\.m2\repository\org\apache\maven\resolver\maven-resolver-spi\1.6.3\maven-resolver-spi-1.6.3.jar;C:\Users\borja.plaza\.m2\repository\org\apache\maven\resolver\maven-resolver-impl\1.6.3\maven-resolver-impl-1.6.3.jar;C:\Users\borja.plaza\.m2\repository\org\codehaus\plexus\plexus-utils\3.3.0\plexus-utils-3.3.0.jar;C:\Users\borja.plaza\.m2\repository\org\apache\maven\resolver\maven-resolver-connector-basic\1.6.3\maven-resolver-connector-basic-1.6.3.jar;C:\Users\borja.plaza\.m2\repository\org\apache\maven\resolver\maven-resolver-transport-wagon\1.6.3\maven-resolver-transport-wagon-1.6.3.jar;C:\Users\borja.plaza\.m2\repository\org\apache\maven\wagon\wagon-http\3.5.1\wagon-http-3.5.1.jar;C:\Users\borja.plaza\.m2\repository\org\apache\maven\wagon\wagon-http-shared\3.5.1\wagon-http-shared-3.5.1.jar;C:\Users\borja.plaza\.m2\repository\org\apache\maven\wagon\wagon-provider-api\3.5.1\wagon-provider-api-3.5.1.jar;C:\Users\borja.plaza\.m2\repository\org\apache\maven\wagon\wagon-file\3.5.1\wagon-file-3.5.1.jar;C:\Users\borja.plaza\.m2\repository\io\quarkus\quarkus-bootstrap-gradle-resolver\2.16.2.Final\quarkus-bootstrap-gradle-resolver-2.16.2.Final.jar;C:\Users\borja.plaza\.m2\repository\io\smallrye\jandex\3.0.5\jandex-3.0.5.jar;C:\Users\borja.plaza\.m2\repository\io\quarkus\quarkus-junit5-properties\2.16.2.Final\quarkus-junit5-properties-2.16.2.Final.jar;C:\Users\borja.plaza\.m2\repository\org\junit\jupiter\junit-jupiter\5.9.2\junit-jupiter-5.9.2.jar;C:\Users\borja.plaza\.m2\repository\org\junit\jupiter\junit-jupiter-api\5.9.2\junit-jupiter-api-5.9.2.jar;C:\Users\borja.plaza\.m2\repository\org\opentest4j\opentest4j\1.2.0\opentest4j-1.2.0.jar;C:\Users\borja.plaza\.m2\repository\org\junit\platform\junit-platform-commons\1.9.2\junit-platform-commons-1.9.2.jar;C:\Users\borja.plaza\.m2\repository\org\apiguardian\apiguardian-api\1.1.2\apiguardian-api-1.1.2.jar;C:\Users\borja.plaza\.m2\repository\org\junit\jupiter\junit-jupiter-params\5.9.2\junit-jupiter-params-5.9.2.jar;C:\Users\borja.plaza\.m2\repository\org\junit\jupiter\junit-jupiter-engine\5.9.2\junit-jupiter-engine-5.9.2.jar;C:\Users\borja.plaza\.m2\repository\org\junit\platform\junit-platform-engine\1.9.2\junit-platform-engine-1.9.2.jar;C:\Users\borja.plaza\.m2\repository\com\thoughtworks\xstream\xstream\1.4.20\xstream-1.4.20.jar;C:\Users\borja.plaza\.m2\repository\io\github\x-stream\mxparser\1.2.2\mxparser-1.2.2.jar;C:\Users\borja.plaza\.m2\repository\xmlpull\xmlpull\1.1.3.1\xmlpull-1.1.3.1.jar;C:\Users\borja.plaza\.m2\repository\io\rest-assured\rest-assured\4.5.1\rest-assured-4.5.1.jar;C:\Users\borja.plaza\.m2\repository\org\codehaus\groovy\groovy\3.0.9\groovy-3.0.9.jar;C:\Users\borja.plaza\.m2\repository\org\codehaus\groovy\groovy-xml\3.0.9\groovy-xml-3.0.9.jar;C:\Users\borja.plaza\.m2\repository\org\apache\httpcomponents\httpclient\4.5.14\httpclient-4.5.14.jar;C:\Users\borja.plaza\.m2\repository\org\apache\httpcomponents\httpcore\4.4.16\httpcore-4.4.16.jar;C:\Users\borja.plaza\.m2\repository\commons-codec\commons-codec\1.15\commons-codec-1.15.jar;C:\Users\borja.plaza\.m2\repository\org\apache\httpcomponents\httpmime\4.5.14\httpmime-4.5.14.jar;C:\Users\borja.plaza\.m2\repository\org\hamcrest\hamcrest\2.1\hamcrest-2.1.jar;C:\Users\borja.plaza\.m2\repository\org\ccil\cowan\tagsoup\tagsoup\1.2.1\tagsoup-1.2.1.jar;C:\Users\borja.plaza\.m2\repository\io\rest-assured\json-path\4.5.1\json-path-4.5.1.jar;C:\Users\borja.plaza\.m2\repository\org\codehaus\groovy\groovy-json\3.0.9\groovy-json-3.0.9.jar;C:\Users\borja.plaza\.m2\repository\io\rest-assured\rest-assured-common\4.5.1\rest-assured-common-4.5.1.jar;C:\Users\borja.plaza\.m2\repository\io\rest-assured\xml-path\4.5.1\xml-path-4.5.1.jar;C:\Users\borja.plaza\.m2\repository\org\apache\commons\commons-lang3\3.12.0\commons-lang3-3.12.0.jar;"/>
    <property name="sun.cpu.endian" value="little"/>
    <property name="user.home" value="C:\Users\borja.plaza"/>
    <property name="user.language" value="es"/>
    <property name="jboss.log-version" value="false"/>
    <property name="java.specification.vendor" value="Oracle Corporation"/>
    <property name="io.netty.allocator.maxOrder" value="3"/>
    <property name="java.version.date" value="2021-01-19"/>
    <property name="java.home" value="C:\dev\Java11"/>
    <property name="file.separator" value="\"/>
    <property name="basedir" value="C:\code\quarkus\code-with-quarkus"/>
    <property name="java.vm.compressedOopsMode" value="Zero based"/>
    <property name="line.separator" value="&#10;"/>
    <property name="java.specification.name" value="Java Platform API Specification"/>
    <property name="java.vm.specification.vendor" value="Oracle Corporation"/>
    <property name="java.awt.graphicsenv" value="sun.awt.Win32GraphicsEnvironment"/>
    <property name="surefire.real.class.path" value="C:\Users\borja.plaza\AppData\Local\Temp\surefire2509966182831254931\surefirebooter-20230213121256301_3.jar"/>
    <property name="user.script" value=""/>
    <property name="sun.management.compiler" value="HotSpot 64-Bit Tiered Compilers"/>
    <property name="java.runtime.version" value="11.0.10+9"/>
    <property name="user.name" value="borja.plaza"/>
    <property name="path.separator" value=";"/>
    <property name="os.version" value="10.0"/>
    <property name="java.runtime.name" value="OpenJDK Runtime Environment"/>
    <property name="file.encoding" value="Cp1252"/>
    <property name="java.vm.name" value="OpenJDK 64-Bit Server VM"/>
    <property name="java.vendor.version" value="AdoptOpenJDK"/>
    <property name="localRepository" value="C:\Users\borja.plaza\.m2\repository"/>
    <property name="java.vendor.url.bug" value="https://github.com/AdoptOpenJDK/openjdk-support/issues"/>
    <property name="java.io.tmpdir" value="C:\Users\BORJA~1.PLA\AppData\Local\Temp\"/>
    <property name="quarkus.log.file.path" value="target\quarkus.log"/>
    <property name="idea.version" value="2022.2"/>
    <property name="java.version" value="11.0.10"/>
    <property name="java.util.concurrent.ForkJoinPool.common.threadFactory" value="io.quarkus.bootstrap.forkjoin.QuarkusForkJoinWorkerThreadFactory"/>
    <property name="user.dir" value="C:\code\quarkus\code-with-quarkus"/>
    <property name="os.arch" value="amd64"/>
    <property name="java.vm.specification.name" value="Java Virtual Machine Specification"/>
    <property name="vertx.disableDnsResolver" value="true"/>
    <property name="java.awt.printerjob" value="sun.awt.windows.WPrinterJob"/>
    <property name="sun.os.patch.level" value=""/>
    <property name="java.util.logging.manager" value="org.jboss.logmanager.LogManager"/>
    <property name="java.library.path" value="C:\dev\Java11\bin;C:\WINDOWS\Sun\Java\bin;C:\WINDOWS\system32;C:\WINDOWS;C:\Program Files (x86)\Microsoft SDKs\Azure\CLI2\wbin;C:\dev\Java11\bin;C:\Program Files (x86)\Common Files\Oracle\Java\javapath;C:\WINDOWS\system32;C:\WINDOWS;C:\WINDOWS\System32\Wbem;C:\WINDOWS\System32\WindowsPowerShell\v1.0\;C:\WINDOWS\System32\OpenSSH\;C:\dev\apache-maven-3.6.0\bin;C:\dev\Java8\bin;C:\dev\Git\bin;C:\dev\Git\cmd;c:\Program Files (x86)\Microsoft SQL Server\110\Tools\Binn\ManagementStudio\;c:\Program Files (x86)\Microsoft SQL Server\110\Tools\Binn\;c:\Program Files\Microsoft SQL Server\110\Tools\Binn\;c:\Program Files (x86)\Microsoft SQL Server\110\DTS\Binn\;C:\Program Files\AutoFirma\AutoFirma;C:\Program Files\Microsoft\Azure Functions Core Tools\;C:\code\terraform;C:\Users\borja.plaza\AppData\Roaming\nvm;C:\Program Files\nodejs;;C:\Program Files\Docker\Docker\resources\bin;C:\ProgramData\DockerDesktop\version-bin;C:\Users\borja.plaza\.jbang\bin;C:\Users\borja.plaza\AppData\Local\Microsoft\WindowsApps;C:\dev\apache-maven-3.6.0\bin;C:\dev\Java8\bin;C:\Users\borja.plaza\AppData\Roaming\npm;C:\Users\borja.plaza\AppData\Local\Programs\Microsoft VS Code\bin;C:\dev\Git\bin;C:\code\terraform;C:\Users\borja.plaza\AppData\Roaming\nvm;C:\Program Files\nodejs;;."/>
    <property name="java.vm.info" value="mixed mode"/>
    <property name="java.vendor" value="AdoptOpenJDK"/>
    <property name="vertx.disableTCCL" value="true"/>
    <property name="java.vm.version" value="11.0.10+9"/>
    <property name="sun.io.unicode.encoding" value="UnicodeLittle"/>
    <property name="io.netty.machineId" value="f8:39:f3:2d:cf:46:61:13"/>
    <property name="java.class.version" value="55.0"/>
  </properties>
  <testcase name="testHelloEndpoint" classname="org.acme.GreetingResourceTest" time="2.597">
    <system-out><![CDATA[2023-02-13 12:13:10,677 INFO  [io.quarkus] (main) code-with-quarkus 1.0.0-SNAPSHOT on JVM (powered by Quarkus 2.16.2.Final) started in 6.252s. Listening on: http://localhost:8081
2023-02-13 12:13:10,680 INFO  [io.quarkus] (main) Profile test activated. 
2023-02-13 12:13:10,681 INFO  [io.quarkus] (main) Installed features: [cdi, resteasy-reactive, smallrye-context-propagation, vertx]
]]></system-out>
  </testcase>
</testsuite>